g:\github repos\uevr\adapters\re-engine\build-re7\_deps\spdlog-build\spdlog.dir\relwithdebinfo\file_sinks.obj
g:\github repos\uevr\adapters\re-engine\build-re7\_deps\spdlog-build\spdlog.dir\relwithdebinfo\bundled_fmtlib_format.obj
g:\github repos\uevr\adapters\re-engine\build-re7\_deps\spdlog-build\spdlog.dir\relwithdebinfo\stdout_sinks.obj
g:\github repos\uevr\adapters\re-engine\build-re7\_deps\spdlog-build\spdlog.dir\relwithdebinfo\async.obj
g:\github repos\uevr\adapters\re-engine\build-re7\_deps\spdlog-build\spdlog.dir\relwithdebinfo\color_sinks.obj
g:\github repos\uevr\adapters\re-engine\build-re7\_deps\spdlog-build\spdlog.dir\relwithdebinfo\cfg.obj
g:\github repos\uevr\adapters\re-engine\build-re7\_deps\spdlog-build\spdlog.dir\relwithdebinfo\spdlog.obj
g:\github repos\uevr\adapters\re-engine\build-re7\lib\relwithdebinfo\spdlog.pdb
g:\github repos\uevr\adapters\re-engine\build-re7\_deps\spdlog-build\cmakefiles\generate.stamp
g:\github repos\uevr\adapters\re-engine\build-re7\lib\relwithdebinfo\spdlog.lib
g:\github repos\uevr\adapters\re-engine\build-re7\_deps\spdlog-build\spdlog.dir\relwithdebinfo\spdlog.tlog\cl.19952.write.1.tlog
g:\github repos\uevr\adapters\re-engine\build-re7\_deps\spdlog-build\spdlog.dir\relwithdebinfo\spdlog.tlog\cl.command.1.tlog
g:\github repos\uevr\adapters\re-engine\build-re7\_deps\spdlog-build\spdlog.dir\relwithdebinfo\spdlog.tlog\cl.items.tlog
g:\github repos\uevr\adapters\re-engine\build-re7\_deps\spdlog-build\spdlog.dir\relwithdebinfo\spdlog.tlog\cl.read.1.tlog
g:\github repos\uevr\adapters\re-engine\build-re7\_deps\spdlog-build\spdlog.dir\relwithdebinfo\spdlog.tlog\custombuild.command.1.tlog
g:\github repos\uevr\adapters\re-engine\build-re7\_deps\spdlog-build\spdlog.dir\relwithdebinfo\spdlog.tlog\custombuild.read.1.tlog
g:\github repos\uevr\adapters\re-engine\build-re7\_deps\spdlog-build\spdlog.dir\relwithdebinfo\spdlog.tlog\custombuild.write.1.tlog
g:\github repos\uevr\adapters\re-engine\build-re7\_deps\spdlog-build\spdlog.dir\relwithdebinfo\spdlog.tlog\lib-link.read.1.tlog
g:\github repos\uevr\adapters\re-engine\build-re7\_deps\spdlog-build\spdlog.dir\relwithdebinfo\spdlog.tlog\lib-link.write.1.tlog
g:\github repos\uevr\adapters\re-engine\build-re7\_deps\spdlog-build\spdlog.dir\relwithdebinfo\spdlog.tlog\lib.command.1.tlog
